Running: C:\Xilinx\14.4\ISE_DS\ISE\bin\nt64\unwrapped\fuse.exe -intstyle ise -incremental -lib unisims_ver -lib unimacro_ver -lib xilinxcorelib_ver -lib secureip -o E:/Lab4/TestbenchLab4_isim_beh.exe -prj E:/Lab4/TestbenchLab4_beh.prj work.TestbenchLab4 work.glbl 
ISim P.49d (signature 0x7708f090)
Number of CPUs detected in this system: 8
Turning on mult-threading, number of parallel sub-compilation jobs: 16 
Determining compilation order of HDL files
Analyzing Verilog file "C:/Users/HTANANDA001/Downloads/lab4_codes/regfile.v" into library work
Analyzing Verilog file "C:/Users/HTANANDA001/Downloads/lab4_codes/PC.v" into library work
Analyzing Verilog file "C:/Users/HTANANDA001/Downloads/lab4_codes/MEM_WBstage.v" into library work
Analyzing Verilog file "C:/Users/HTANANDA001/Downloads/lab4_codes/memory.v" into library work
Analyzing Verilog file "C:/Users/HTANANDA001/Downloads/lab4_codes/ID_EXEstage.v" into library work
Analyzing Verilog file "C:/Users/HTANANDA001/Downloads/lab4_codes/EXE_MEMstage.v" into library work
Analyzing Verilog file "C:/Users/HTANANDA001/Downloads/lab4_codes/control.v" into library work
Analyzing Verilog file "C:/Users/HTANANDA001/Downloads/lab4_codes/alu.v" into library work
Analyzing Verilog file "C:/Users/HTANANDA001/Downloads/lab4_codes/pipelined_regfile_5stage.v" into library work
Analyzing Verilog file "E:/Lab4/TestbenchLab4.v" into library work
Analyzing Verilog file "C:/Xilinx/14.4/ISE_DS/ISE//verilog/src/glbl.v" into library work
Starting static elaboration
Completed static elaboration
Compiling module PC1
Compiling module memory
Compiling module control
Compiling module regfile
Compiling module ID_EXE_stage
Compiling module alu
Compiling module EXE_MEM_stage
Compiling module MEM_WB_stage
Compiling module pipelined_regfile_5stage
Compiling module TestbenchLab4
Compiling module glbl
Time Resolution for simulation is 1ps.
Waiting for 1 sub-compilation(s) to finish...
Compiled 11 Verilog Units
Built simulation executable E:/Lab4/TestbenchLab4_isim_beh.exe
Fuse Memory Usage: 29932 KB
Fuse CPU Usage: 452 ms
